<?xml version="1.0" encoding="UTF-8"?>
<!-- Generated by org.testng.reporters.JUnitReportReporter -->
<testsuite hostname="QUADUKLT4003" name="script.DataProviderExample" tests="3" failures="1" timestamp="2 May 2011 00:50:19 GMT" time="17641" errors="0">
  <testcase name="testDataProviderExample" time="6125" classname="script.DataProviderExample"/>
  <testcase name="testDataProviderExample" time="8156" classname="script.DataProviderExample"/>
  <testcase name="testDataProviderExample" time="3360" classname="script.DataProviderExample"/>
</testsuite>
